<?xml version="1.0" ?>
<coverage version="7.13.4" timestamp="1771807657439" lines-valid="621" lines-covered="289" line-rate="0.4654" branches-covered="0" branches-valid="0" branch-rate="0" complexity="0">
	<!-- Generated by coverage.py: https://coverage.readthedocs.io/en/7.13.4 -->
	<!-- Based on https://raw.githubusercontent.com/cobertura/web/master/htdocs/xml/coverage-04.dtd -->
	<sources>
		<source>/home/runner/work/Novaville/Novaville/backend</source>
	</sources>
	<packages>
		<package name="." line-rate="1" branch-rate="0" complexity="0">
			<classes>
				<class name="__init__.py" filename="__init__.py" complexity="0" line-rate="1" branch-rate="0">
					<methods/>
					<lines/>
				</class>
			</classes>
		</package>
		<package name="api" line-rate="1" branch-rate="0" complexity="0">
			<classes>
				<class name="__init__.py" filename="api/__init__.py" complexity="0" line-rate="1" branch-rate="0">
					<methods/>
					<lines/>
				</class>
			</classes>
		</package>
		<package name="api.v1" line-rate="0.1463" branch-rate="0" complexity="0">
			<classes>
				<class name="__init__.py" filename="api/v1/__init__.py" complexity="0" line-rate="1" branch-rate="0">
					<methods/>
					<lines/>
				</class>
				<class name="auth.py" filename="api/v1/auth.py" complexity="0" line-rate="0" branch-rate="0">
					<methods/>
					<lines>
						<line number="1" hits="0"/>
						<line number="2" hits="0"/>
						<line number="3" hits="0"/>
						<line number="4" hits="0"/>
						<line number="7" hits="0"/>
						<line number="8" hits="0"/>
						<line number="9" hits="0"/>
						<line number="10" hits="0"/>
						<line number="13" hits="0"/>
						<line number="14" hits="0"/>
						<line number="15" hits="0"/>
						<line number="16" hits="0"/>
						<line number="18" hits="0"/>
						<line number="19" hits="0"/>
						<line number="21" hits="0"/>
						<line number="22" hits="0"/>
						<line number="25" hits="0"/>
						<line number="26" hits="0"/>
						<line number="28" hits="0"/>
						<line number="31" hits="0"/>
						<line number="33" hits="0"/>
					</lines>
				</class>
				<class name="permissions.py" filename="api/v1/permissions.py" complexity="0" line-rate="0.2927" branch-rate="0">
					<methods/>
					<lines>
						<line number="2" hits="1"/>
						<line number="3" hits="1"/>
						<line number="6" hits="1"/>
						<line number="10" hits="1"/>
						<line number="12" hits="0"/>
						<line number="13" hits="0"/>
						<line number="16" hits="0"/>
						<line number="17" hits="0"/>
						<line number="20" hits="0"/>
						<line number="21" hits="0"/>
						<line number="22" hits="0"/>
						<line number="23" hits="0"/>
						<line number="25" hits="0"/>
						<line number="28" hits="1"/>
						<line number="33" hits="1"/>
						<line number="34" hits="0"/>
						<line number="35" hits="0"/>
						<line number="38" hits="0"/>
						<line number="39" hits="0"/>
						<line number="42" hits="0"/>
						<line number="45" hits="1"/>
						<line number="50" hits="1"/>
						<line number="51" hits="0"/>
						<line number="52" hits="0"/>
						<line number="55" hits="0"/>
						<line number="56" hits="0"/>
						<line number="59" hits="0"/>
						<line number="62" hits="1"/>
						<line number="66" hits="1"/>
						<line number="67" hits="0"/>
						<line number="68" hits="0"/>
						<line number="70" hits="0"/>
						<line number="77" hits="1"/>
						<line number="81" hits="1"/>
						<line number="82" hits="0"/>
						<line number="83" hits="0"/>
						<line number="86" hits="0"/>
						<line number="87" hits="0"/>
						<line number="88" hits="0"/>
						<line number="89" hits="0"/>
						<line number="91" hits="0"/>
					</lines>
				</class>
				<class name="urls.py" filename="api/v1/urls.py" complexity="0" line-rate="0" branch-rate="0">
					<methods/>
					<lines>
						<line number="1" hits="0"/>
						<line number="2" hits="0"/>
						<line number="3" hits="0"/>
						<line number="6" hits="0"/>
						<line number="7" hits="0"/>
						<line number="8" hits="0"/>
						<line number="9" hits="0"/>
						<line number="10" hits="0"/>
						<line number="11" hits="0"/>
						<line number="14" hits="0"/>
						<line number="17" hits="0"/>
						<line number="20" hits="0"/>
						<line number="21" hits="0"/>
						<line number="22" hits="0"/>
						<line number="23" hits="0"/>
						<line number="24" hits="0"/>
						<line number="25" hits="0"/>
						<line number="26" hits="0"/>
						<line number="27" hits="0"/>
						<line number="30" hits="0"/>
					</lines>
				</class>
			</classes>
		</package>
		<package name="api.v1.serializers" line-rate="0.4265" branch-rate="0" complexity="0">
			<classes>
				<class name="__init__.py" filename="api/v1/serializers/__init__.py" complexity="0" line-rate="1" branch-rate="0">
					<methods/>
					<lines/>
				</class>
				<class name="event_serializer.py" filename="api/v1/serializers/event_serializer.py" complexity="0" line-rate="0" branch-rate="0">
					<methods/>
					<lines>
						<line number="1" hits="0"/>
						<line number="2" hits="0"/>
						<line number="3" hits="0"/>
						<line number="6" hits="0"/>
						<line number="9" hits="0"/>
						<line number="10" hits="0"/>
						<line number="11" hits="0"/>
						<line number="12" hits="0"/>
						<line number="15" hits="0"/>
						<line number="17" hits="0"/>
						<line number="18" hits="0"/>
						<line number="20" hits="0"/>
						<line number="21" hits="0"/>
						<line number="22" hits="0"/>
						<line number="26" hits="0"/>
						<line number="29" hits="0"/>
						<line number="32" hits="0"/>
						<line number="33" hits="0"/>
						<line number="34" hits="0"/>
						<line number="35" hits="0"/>
					</lines>
				</class>
				<class name="neighborhood_serializer.py" filename="api/v1/serializers/neighborhood_serializer.py" complexity="0" line-rate="0" branch-rate="0">
					<methods/>
					<lines>
						<line number="1" hits="0"/>
						<line number="2" hits="0"/>
						<line number="5" hits="0"/>
						<line number="8" hits="0"/>
						<line number="9" hits="0"/>
						<line number="10" hits="0"/>
						<line number="11" hits="0"/>
					</lines>
				</class>
				<class name="report_serializer.py" filename="api/v1/serializers/report_serializer.py" complexity="0" line-rate="0" branch-rate="0">
					<methods/>
					<lines>
						<line number="1" hits="0"/>
						<line number="2" hits="0"/>
						<line number="3" hits="0"/>
						<line number="4" hits="0"/>
						<line number="7" hits="0"/>
						<line number="9" hits="0"/>
						<line number="10" hits="0"/>
						<line number="12" hits="0"/>
						<line number="13" hits="0"/>
						<line number="14" hits="0"/>
						<line number="18" hits="0"/>
						<line number="21" hits="0"/>
						<line number="24" hits="0"/>
						<line number="25" hits="0"/>
						<line number="26" hits="0"/>
						<line number="27" hits="0"/>
					</lines>
				</class>
				<class name="survey_serializer.py" filename="api/v1/serializers/survey_serializer.py" complexity="0" line-rate="0.7368" branch-rate="0">
					<methods/>
					<lines>
						<line number="1" hits="1"/>
						<line number="2" hits="1"/>
						<line number="3" hits="1"/>
						<line number="6" hits="1"/>
						<line number="8" hits="1"/>
						<line number="10" hits="1"/>
						<line number="11" hits="1"/>
						<line number="12" hits="1"/>
						<line number="13" hits="1"/>
						<line number="15" hits="1"/>
						<line number="17" hits="0"/>
						<line number="20" hits="1"/>
						<line number="22" hits="1"/>
						<line number="23" hits="1"/>
						<line number="24" hits="1"/>
						<line number="25" hits="1"/>
						<line number="27" hits="1"/>
						<line number="28" hits="1"/>
						<line number="29" hits="1"/>
						<line number="33" hits="1"/>
						<line number="35" hits="1"/>
						<line number="37" hits="0"/>
						<line number="40" hits="1"/>
						<line number="42" hits="1"/>
						<line number="48" hits="1"/>
						<line number="49" hits="1"/>
						<line number="50" hits="1"/>
						<line number="51" hits="1"/>
						<line number="53" hits="1"/>
						<line number="55" hits="0"/>
						<line number="56" hits="0"/>
						<line number="57" hits="0"/>
						<line number="59" hits="1"/>
						<line number="61" hits="0"/>
						<line number="62" hits="0"/>
						<line number="65" hits="0"/>
						<line number="66" hits="0"/>
						<line number="68" hits="0"/>
					</lines>
				</class>
				<class name="user_serializer.py" filename="api/v1/serializers/user_serializer.py" complexity="0" line-rate="0.4737" branch-rate="0">
					<methods/>
					<lines>
						<line number="1" hits="1"/>
						<line number="2" hits="1"/>
						<line number="3" hits="1"/>
						<line number="6" hits="1"/>
						<line number="8" hits="1"/>
						<line number="10" hits="1"/>
						<line number="11" hits="1"/>
						<line number="12" hits="1"/>
						<line number="16" hits="1"/>
						<line number="17" hits="1"/>
						<line number="21" hits="1"/>
						<line number="23" hits="0"/>
						<line number="24" hits="0"/>
						<line number="25" hits="0"/>
						<line number="26" hits="0"/>
						<line number="27" hits="0"/>
						<line number="28" hits="0"/>
						<line number="30" hits="1"/>
						<line number="32" hits="0"/>
						<line number="33" hits="0"/>
						<line number="34" hits="0"/>
						<line number="35" hits="0"/>
						<line number="36" hits="0"/>
						<line number="37" hits="0"/>
						<line number="38" hits="0"/>
						<line number="40" hits="1"/>
						<line number="42" hits="0"/>
						<line number="43" hits="0"/>
						<line number="44" hits="0"/>
						<line number="45" hits="0"/>
						<line number="46" hits="0"/>
						<line number="47" hits="0"/>
						<line number="48" hits="0"/>
						<line number="51" hits="1"/>
						<line number="54" hits="1"/>
						<line number="55" hits="1"/>
						<line number="56" hits="1"/>
						<line number="57" hits="1"/>
					</lines>
				</class>
				<class name="vote_serializer.py" filename="api/v1/serializers/vote_serializer.py" complexity="0" line-rate="0.7059" branch-rate="0">
					<methods/>
					<lines>
						<line number="1" hits="1"/>
						<line number="2" hits="1"/>
						<line number="5" hits="1"/>
						<line number="8" hits="1"/>
						<line number="9" hits="1"/>
						<line number="10" hits="1"/>
						<line number="11" hits="1"/>
						<line number="14" hits="1"/>
						<line number="17" hits="1"/>
						<line number="18" hits="1"/>
						<line number="19" hits="1"/>
						<line number="21" hits="1"/>
						<line number="23" hits="0"/>
						<line number="24" hits="0"/>
						<line number="26" hits="0"/>
						<line number="27" hits="0"/>
						<line number="31" hits="0"/>
					</lines>
				</class>
			</classes>
		</package>
		<package name="api.v1.viewsets" line-rate="0.2083" branch-rate="0" complexity="0">
			<classes>
				<class name="__init__.py" filename="api/v1/viewsets/__init__.py" complexity="0" line-rate="1" branch-rate="0">
					<methods/>
					<lines/>
				</class>
				<class name="event_viewset.py" filename="api/v1/viewsets/event_viewset.py" complexity="0" line-rate="0" branch-rate="0">
					<methods/>
					<lines>
						<line number="1" hits="0"/>
						<line number="2" hits="0"/>
						<line number="3" hits="0"/>
						<line number="4" hits="0"/>
						<line number="5" hits="0"/>
						<line number="6" hits="0"/>
						<line number="11" hits="0"/>
						<line number="12" hits="0"/>
						<line number="13" hits="0"/>
						<line number="14" hits="0"/>
						<line number="15" hits="0"/>
						<line number="18" hits="0"/>
						<line number="54" hits="0"/>
						<line number="62" hits="0"/>
						<line number="63" hits="0"/>
						<line number="64" hits="0"/>
						<line number="65" hits="0"/>
						<line number="66" hits="0"/>
						<line number="67" hits="0"/>
						<line number="69" hits="0"/>
						<line number="71" hits="0"/>
						<line number="72" hits="0"/>
						<line number="74" hits="0"/>
						<line number="75" hits="0"/>
						<line number="77" hits="0"/>
						<line number="79" hits="0"/>
						<line number="80" hits="0"/>
						<line number="81" hits="0"/>
						<line number="83" hits="0"/>
						<line number="85" hits="0"/>
						<line number="87" hits="0"/>
						<line number="92" hits="0"/>
						<line number="93" hits="0"/>
						<line number="95" hits="0"/>
						<line number="96" hits="0"/>
						<line number="97" hits="0"/>
						<line number="98" hits="0"/>
						<line number="101" hits="0"/>
						<line number="128" hits="0"/>
						<line number="130" hits="0"/>
						<line number="131" hits="0"/>
						<line number="133" hits="0"/>
						<line number="135" hits="0"/>
						<line number="136" hits="0"/>
						<line number="138" hits="0"/>
						<line number="139" hits="0"/>
					</lines>
				</class>
				<class name="neighborhood_viewset.py" filename="api/v1/viewsets/neighborhood_viewset.py" complexity="0" line-rate="0" branch-rate="0">
					<methods/>
					<lines>
						<line number="1" hits="0"/>
						<line number="2" hits="0"/>
						<line number="3" hits="0"/>
						<line number="4" hits="0"/>
						<line number="5" hits="0"/>
						<line number="6" hits="0"/>
						<line number="9" hits="0"/>
						<line number="41" hits="0"/>
						<line number="48" hits="0"/>
						<line number="49" hits="0"/>
						<line number="51" hits="0"/>
						<line number="53" hits="0"/>
						<line number="54" hits="0"/>
						<line number="56" hits="0"/>
						<line number="57" hits="0"/>
					</lines>
				</class>
				<class name="report_viewset.py" filename="api/v1/viewsets/report_viewset.py" complexity="0" line-rate="0" branch-rate="0">
					<methods/>
					<lines>
						<line number="1" hits="0"/>
						<line number="2" hits="0"/>
						<line number="3" hits="0"/>
						<line number="4" hits="0"/>
						<line number="5" hits="0"/>
						<line number="6" hits="0"/>
						<line number="7" hits="0"/>
						<line number="8" hits="0"/>
						<line number="9" hits="0"/>
						<line number="12" hits="0"/>
						<line number="49" hits="0"/>
						<line number="56" hits="0"/>
						<line number="57" hits="0"/>
						<line number="58" hits="0"/>
						<line number="59" hits="0"/>
						<line number="60" hits="0"/>
						<line number="61" hits="0"/>
						<line number="62" hits="0"/>
						<line number="64" hits="0"/>
						<line number="66" hits="0"/>
						<line number="67" hits="0"/>
						<line number="68" hits="0"/>
						<line number="70" hits="0"/>
						<line number="72" hits="0"/>
						<line number="73" hits="0"/>
						<line number="75" hits="0"/>
						<line number="77" hits="0"/>
						<line number="79" hits="0"/>
						<line number="81" hits="0"/>
						<line number="83" hits="0"/>
						<line number="89" hits="0"/>
						<line number="90" hits="0"/>
						<line number="93" hits="0"/>
						<line number="94" hits="0"/>
						<line number="99" hits="0"/>
						<line number="100" hits="0"/>
						<line number="102" hits="0"/>
						<line number="103" hits="0"/>
						<line number="108" hits="0"/>
						<line number="109" hits="0"/>
						<line number="114" hits="0"/>
						<line number="115" hits="0"/>
						<line number="117" hits="0"/>
						<line number="118" hits="0"/>
					</lines>
				</class>
				<class name="survey_viewset.py" filename="api/v1/viewsets/survey_viewset.py" complexity="0" line-rate="0.6429" branch-rate="0">
					<methods/>
					<lines>
						<line number="1" hits="1"/>
						<line number="2" hits="1"/>
						<line number="3" hits="1"/>
						<line number="4" hits="1"/>
						<line number="5" hits="1"/>
						<line number="6" hits="1"/>
						<line number="11" hits="1"/>
						<line number="12" hits="1"/>
						<line number="13" hits="1"/>
						<line number="16" hits="1"/>
						<line number="48" hits="1"/>
						<line number="55" hits="1"/>
						<line number="56" hits="1"/>
						<line number="57" hits="1"/>
						<line number="59" hits="1"/>
						<line number="61" hits="0"/>
						<line number="62" hits="0"/>
						<line number="63" hits="0"/>
						<line number="65" hits="1"/>
						<line number="67" hits="0"/>
						<line number="69" hits="1"/>
						<line number="74" hits="1"/>
						<line number="75" hits="1"/>
						<line number="77" hits="0"/>
						<line number="78" hits="0"/>
						<line number="82" hits="0"/>
						<line number="83" hits="0"/>
						<line number="85" hits="1"/>
						<line number="90" hits="1"/>
						<line number="91" hits="1"/>
						<line number="93" hits="0"/>
						<line number="94" hits="0"/>
						<line number="95" hits="0"/>
						<line number="98" hits="1"/>
						<line number="125" hits="1"/>
						<line number="127" hits="1"/>
						<line number="128" hits="1"/>
						<line number="130" hits="1"/>
						<line number="132" hits="0"/>
						<line number="133" hits="0"/>
						<line number="135" hits="0"/>
						<line number="136" hits="0"/>
					</lines>
				</class>
				<class name="user_viewset.py" filename="api/v1/viewsets/user_viewset.py" complexity="0" line-rate="0" branch-rate="0">
					<methods/>
					<lines>
						<line number="1" hits="0"/>
						<line number="2" hits="0"/>
						<line number="3" hits="0"/>
						<line number="4" hits="0"/>
						<line number="5" hits="0"/>
						<line number="6" hits="0"/>
						<line number="7" hits="0"/>
						<line number="10" hits="0"/>
						<line number="42" hits="0"/>
						<line number="51" hits="0"/>
						<line number="52" hits="0"/>
						<line number="54" hits="0"/>
						<line number="56" hits="0"/>
						<line number="58" hits="0"/>
						<line number="59" hits="0"/>
						<line number="61" hits="0"/>
						<line number="62" hits="0"/>
						<line number="64" hits="0"/>
						<line number="67" hits="0"/>
						<line number="68" hits="0"/>
						<line number="70" hits="0"/>
						<line number="72" hits="0"/>
						<line number="73" hits="0"/>
						<line number="74" hits="0"/>
						<line number="75" hits="0"/>
						<line number="77" hits="0"/>
						<line number="78" hits="0"/>
						<line number="80" hits="0"/>
						<line number="82" hits="0"/>
						<line number="83" hits="0"/>
						<line number="84" hits="0"/>
						<line number="88" hits="0"/>
						<line number="90" hits="0"/>
						<line number="92" hits="0"/>
						<line number="93" hits="0"/>
						<line number="94" hits="0"/>
						<line number="98" hits="0"/>
						<line number="100" hits="0"/>
						<line number="105" hits="0"/>
						<line number="106" hits="0"/>
						<line number="108" hits="0"/>
						<line number="109" hits="0"/>
					</lines>
				</class>
				<class name="vote_viewset.py" filename="api/v1/viewsets/vote_viewset.py" complexity="0" line-rate="0.6667" branch-rate="0">
					<methods/>
					<lines>
						<line number="1" hits="1"/>
						<line number="2" hits="1"/>
						<line number="3" hits="1"/>
						<line number="4" hits="1"/>
						<line number="5" hits="1"/>
						<line number="6" hits="1"/>
						<line number="7" hits="1"/>
						<line number="8" hits="1"/>
						<line number="11" hits="1"/>
						<line number="33" hits="1"/>
						<line number="40" hits="1"/>
						<line number="41" hits="1"/>
						<line number="42" hits="1"/>
						<line number="43" hits="1"/>
						<line number="45" hits="1"/>
						<line number="47" hits="0"/>
						<line number="48" hits="0"/>
						<line number="49" hits="0"/>
						<line number="51" hits="1"/>
						<line number="53" hits="0"/>
						<line number="55" hits="1"/>
						<line number="57" hits="0"/>
						<line number="59" hits="1"/>
						<line number="61" hits="0"/>
						<line number="62" hits="0"/>
						<line number="63" hits="0"/>
						<line number="64" hits="0"/>
					</lines>
				</class>
			</classes>
		</package>
		<package name="application" line-rate="1" branch-rate="0" complexity="0">
			<classes>
				<class name="__init__.py" filename="application/__init__.py" complexity="0" line-rate="1" branch-rate="0">
					<methods/>
					<lines/>
				</class>
			</classes>
		</package>
		<package name="application.services" line-rate="1" branch-rate="0" complexity="0">
			<classes>
				<class name="__init__.py" filename="application/services/__init__.py" complexity="0" line-rate="1" branch-rate="0">
					<methods/>
					<lines/>
				</class>
			</classes>
		</package>
		<package name="core" line-rate="1" branch-rate="0" complexity="0">
			<classes>
				<class name="__init__.py" filename="core/__init__.py" complexity="0" line-rate="1" branch-rate="0">
					<methods/>
					<lines>
						<line number="1" hits="1"/>
					</lines>
				</class>
				<class name="admin.py" filename="core/admin.py" complexity="0" line-rate="1" branch-rate="0">
					<methods/>
					<lines>
						<line number="1" hits="1"/>
						<line number="2" hits="1"/>
						<line number="3" hits="1"/>
						<line number="9" hits="1"/>
						<line number="10" hits="1"/>
						<line number="12" hits="1"/>
						<line number="13" hits="1"/>
						<line number="14" hits="1"/>
						<line number="16" hits="1"/>
						<line number="20" hits="1"/>
						<line number="25" hits="1"/>
						<line number="26" hits="1"/>
						<line number="28" hits="1"/>
						<line number="29" hits="1"/>
						<line number="32" hits="1"/>
						<line number="33" hits="1"/>
						<line number="35" hits="1"/>
						<line number="36" hits="1"/>
						<line number="37" hits="1"/>
						<line number="38" hits="1"/>
						<line number="39" hits="1"/>
						<line number="42" hits="1"/>
						<line number="43" hits="1"/>
						<line number="45" hits="1"/>
						<line number="46" hits="1"/>
						<line number="47" hits="1"/>
						<line number="48" hits="1"/>
						<line number="49" hits="1"/>
						<line number="52" hits="1"/>
						<line number="53" hits="1"/>
						<line number="55" hits="1"/>
						<line number="56" hits="1"/>
						<line number="57" hits="1"/>
						<line number="60" hits="1"/>
						<line number="61" hits="1"/>
						<line number="63" hits="1"/>
						<line number="64" hits="1"/>
						<line number="65" hits="1"/>
						<line number="66" hits="1"/>
						<line number="67" hits="1"/>
						<line number="70" hits="1"/>
						<line number="71" hits="1"/>
						<line number="73" hits="1"/>
						<line number="74" hits="1"/>
						<line number="75" hits="1"/>
						<line number="76" hits="1"/>
						<line number="77" hits="1"/>
						<line number="80" hits="1"/>
						<line number="81" hits="1"/>
						<line number="83" hits="1"/>
						<line number="84" hits="1"/>
					</lines>
				</class>
				<class name="apps.py" filename="core/apps.py" complexity="0" line-rate="1" branch-rate="0">
					<methods/>
					<lines>
						<line number="1" hits="1"/>
						<line number="4" hits="1"/>
						<line number="5" hits="1"/>
						<line number="6" hits="1"/>
						<line number="7" hits="1"/>
						<line number="9" hits="1"/>
						<line number="11" hits="1"/>
					</lines>
				</class>
				<class name="models.py" filename="core/models.py" complexity="0" line-rate="1" branch-rate="0">
					<methods/>
					<lines>
						<line number="2" hits="1"/>
						<line number="17" hits="1"/>
					</lines>
				</class>
			</classes>
		</package>
		<package name="core.db" line-rate="0.8968" branch-rate="0" complexity="0">
			<classes>
				<class name="__init__.py" filename="core/db/__init__.py" complexity="0" line-rate="1" branch-rate="0">
					<methods/>
					<lines/>
				</class>
				<class name="models.py" filename="core/db/models.py" complexity="0" line-rate="0.8968" branch-rate="0">
					<methods/>
					<lines>
						<line number="1" hits="1"/>
						<line number="2" hits="1"/>
						<line number="3" hits="1"/>
						<line number="10" hits="1"/>
						<line number="12" hits="1"/>
						<line number="13" hits="1"/>
						<line number="14" hits="1"/>
						<line number="15" hits="1"/>
						<line number="18" hits="1"/>
						<line number="20" hits="1"/>
						<line number="21" hits="1"/>
						<line number="22" hits="1"/>
						<line number="25" hits="1"/>
						<line number="27" hits="1"/>
						<line number="28" hits="1"/>
						<line number="29" hits="1"/>
						<line number="32" hits="1"/>
						<line number="34" hits="1"/>
						<line number="35" hits="1"/>
						<line number="36" hits="1"/>
						<line number="37" hits="1"/>
						<line number="38" hits="1"/>
						<line number="45" hits="1"/>
						<line number="47" hits="1"/>
						<line number="53" hits="1"/>
						<line number="62" hits="1"/>
						<line number="63" hits="1"/>
						<line number="64" hits="1"/>
						<line number="66" hits="1"/>
						<line number="67" hits="0"/>
						<line number="69" hits="1"/>
						<line number="70" hits="1"/>
						<line number="71" hits="0"/>
						<line number="73" hits="1"/>
						<line number="74" hits="1"/>
						<line number="75" hits="0"/>
						<line number="82" hits="1"/>
						<line number="84" hits="1"/>
						<line number="85" hits="1"/>
						<line number="87" hits="1"/>
						<line number="88" hits="1"/>
						<line number="89" hits="1"/>
						<line number="90" hits="1"/>
						<line number="91" hits="1"/>
						<line number="93" hits="1"/>
						<line number="94" hits="0"/>
						<line number="97" hits="1"/>
						<line number="99" hits="1"/>
						<line number="104" hits="1"/>
						<line number="105" hits="1"/>
						<line number="106" hits="1"/>
						<line number="112" hits="1"/>
						<line number="120" hits="1"/>
						<line number="126" hits="1"/>
						<line number="135" hits="1"/>
						<line number="136" hits="1"/>
						<line number="137" hits="1"/>
						<line number="138" hits="1"/>
						<line number="139" hits="1"/>
						<line number="141" hits="1"/>
						<line number="142" hits="0"/>
						<line number="145" hits="1"/>
						<line number="147" hits="1"/>
						<line number="148" hits="1"/>
						<line number="149" hits="1"/>
						<line number="150" hits="1"/>
						<line number="151" hits="1"/>
						<line number="153" hits="1"/>
						<line number="160" hits="1"/>
						<line number="161" hits="1"/>
						<line number="162" hits="1"/>
						<line number="163" hits="1"/>
						<line number="164" hits="1"/>
						<line number="166" hits="1"/>
						<line number="167" hits="0"/>
						<line number="169" hits="1"/>
						<line number="170" hits="1"/>
						<line number="171" hits="0"/>
						<line number="172" hits="0"/>
						<line number="173" hits="0"/>
						<line number="176" hits="1"/>
						<line number="178" hits="1"/>
						<line number="184" hits="1"/>
						<line number="186" hits="1"/>
						<line number="187" hits="1"/>
						<line number="188" hits="1"/>
						<line number="189" hits="1"/>
						<line number="190" hits="1"/>
						<line number="192" hits="1"/>
						<line number="193" hits="0"/>
						<line number="196" hits="1"/>
						<line number="198" hits="1"/>
						<line number="204" hits="1"/>
						<line number="210" hits="1"/>
						<line number="216" hits="1"/>
						<line number="218" hits="1"/>
						<line number="219" hits="1"/>
						<line number="220" hits="1"/>
						<line number="221" hits="1"/>
						<line number="222" hits="1"/>
						<line number="224" hits="1"/>
						<line number="226" hits="1"/>
						<line number="227" hits="0"/>
						<line number="230" hits="1"/>
						<line number="232" hits="1"/>
						<line number="234" hits="1"/>
						<line number="235" hits="1"/>
						<line number="236" hits="1"/>
						<line number="237" hits="1"/>
						<line number="238" hits="1"/>
						<line number="240" hits="1"/>
						<line number="241" hits="0"/>
						<line number="244" hits="1"/>
						<line number="246" hits="1"/>
						<line number="247" hits="1"/>
						<line number="248" hits="1"/>
						<line number="249" hits="1"/>
						<line number="251" hits="1"/>
						<line number="257" hits="1"/>
						<line number="266" hits="1"/>
						<line number="267" hits="1"/>
						<line number="268" hits="1"/>
						<line number="269" hits="1"/>
						<line number="270" hits="1"/>
						<line number="272" hits="1"/>
						<line number="273" hits="0"/>
					</lines>
				</class>
			</classes>
		</package>
		<package name="domain" line-rate="1" branch-rate="0" complexity="0">
			<classes>
				<class name="__init__.py" filename="domain/__init__.py" complexity="0" line-rate="1" branch-rate="0">
					<methods/>
					<lines/>
				</class>
			</classes>
		</package>
		<package name="infrastructure" line-rate="1" branch-rate="0" complexity="0">
			<classes>
				<class name="__init__.py" filename="infrastructure/__init__.py" complexity="0" line-rate="1" branch-rate="0">
					<methods/>
					<lines/>
				</class>
			</classes>
		</package>
		<package name="infrastructure.repositories" line-rate="1" branch-rate="0" complexity="0">
			<classes>
				<class name="__init__.py" filename="infrastructure/repositories/__init__.py" complexity="0" line-rate="1" branch-rate="0">
					<methods/>
					<lines/>
				</class>
			</classes>
		</package>
		<package name="tasks" line-rate="1" branch-rate="0" complexity="0">
			<classes>
				<class name="__init__.py" filename="tasks/__init__.py" complexity="0" line-rate="1" branch-rate="0">
					<methods/>
					<lines/>
				</class>
			</classes>
		</package>
	</packages>
</coverage>
